[0.377s] Invoking command in '/home/joemo/ros2_py_ws/src/my_robot_controller': PYTHONPATH=/home/joemo/ros2_py_ws/src/my_robot_controller/build/my_robot_controller/prefix_override:/home/joemo/ros2_py_ws/src/my_robot_controller/install/my_robot_controller/lib/python3.10/site-packages:${PYTHONPATH} /usr/bin/python3 setup.py egg_info --egg-base build/my_robot_controller build --build-base /home/joemo/ros2_py_ws/src/my_robot_controller/build/my_robot_controller/build install --record /home/joemo/ros2_py_ws/src/my_robot_controller/build/my_robot_controller/install.log --single-version-externally-managed
[0.521s] running egg_info
[0.522s] creating build/my_robot_controller/my_robot_controller.egg-info
[0.522s] writing build/my_robot_controller/my_robot_controller.egg-info/PKG-INFO
[0.522s] writing dependency_links to build/my_robot_controller/my_robot_controller.egg-info/dependency_links.txt
[0.522s] writing entry points to build/my_robot_controller/my_robot_controller.egg-info/entry_points.txt
[0.522s] writing requirements to build/my_robot_controller/my_robot_controller.egg-info/requires.txt
[0.522s] writing top-level names to build/my_robot_controller/my_robot_controller.egg-info/top_level.txt
[0.522s] writing manifest file 'build/my_robot_controller/my_robot_controller.egg-info/SOURCES.txt'
[0.523s] reading manifest file 'build/my_robot_controller/my_robot_controller.egg-info/SOURCES.txt'
[0.523s] writing manifest file 'build/my_robot_controller/my_robot_controller.egg-info/SOURCES.txt'
[0.523s] running build
[0.524s] running build_py
[0.524s] creating /home/joemo/ros2_py_ws/src/my_robot_controller/build/my_robot_controller/build
[0.524s] creating /home/joemo/ros2_py_ws/src/my_robot_controller/build/my_robot_controller/build/lib
[0.524s] creating /home/joemo/ros2_py_ws/src/my_robot_controller/build/my_robot_controller/build/lib/my_robot_controller
[0.524s] copying my_robot_controller/my_first_node.py -> /home/joemo/ros2_py_ws/src/my_robot_controller/build/my_robot_controller/build/lib/my_robot_controller
[0.524s] copying my_robot_controller/__init__.py -> /home/joemo/ros2_py_ws/src/my_robot_controller/build/my_robot_controller/build/lib/my_robot_controller
[0.524s] running install
[0.524s] running install_lib
[0.524s] creating /home/joemo/ros2_py_ws/src/my_robot_controller/install/my_robot_controller/lib/python3.10/site-packages/my_robot_controller
[0.524s] copying /home/joemo/ros2_py_ws/src/my_robot_controller/build/my_robot_controller/build/lib/my_robot_controller/my_first_node.py -> /home/joemo/ros2_py_ws/src/my_robot_controller/install/my_robot_controller/lib/python3.10/site-packages/my_robot_controller
[0.524s] copying /home/joemo/ros2_py_ws/src/my_robot_controller/build/my_robot_controller/build/lib/my_robot_controller/__init__.py -> /home/joemo/ros2_py_ws/src/my_robot_controller/install/my_robot_controller/lib/python3.10/site-packages/my_robot_controller
[0.525s] byte-compiling /home/joemo/ros2_py_ws/src/my_robot_controller/install/my_robot_controller/lib/python3.10/site-packages/my_robot_controller/my_first_node.py to my_first_node.cpython-310.pyc
[0.525s] byte-compiling /home/joemo/ros2_py_ws/src/my_robot_controller/install/my_robot_controller/lib/python3.10/site-packages/my_robot_controller/__init__.py to __init__.cpython-310.pyc
[0.525s] running install_data
[0.525s] creating /home/joemo/ros2_py_ws/src/my_robot_controller/install/my_robot_controller/share/ament_index
[0.525s] creating /home/joemo/ros2_py_ws/src/my_robot_controller/install/my_robot_controller/share/ament_index/resource_index
[0.525s] creating /home/joemo/ros2_py_ws/src/my_robot_controller/install/my_robot_controller/share/ament_index/resource_index/packages
[0.525s] copying resource/my_robot_controller -> /home/joemo/ros2_py_ws/src/my_robot_controller/install/my_robot_controller/share/ament_index/resource_index/packages
[0.525s] copying package.xml -> /home/joemo/ros2_py_ws/src/my_robot_controller/install/my_robot_controller/share/my_robot_controller
[0.525s] running install_egg_info
[0.526s] Copying build/my_robot_controller/my_robot_controller.egg-info to /home/joemo/ros2_py_ws/src/my_robot_controller/install/my_robot_controller/lib/python3.10/site-packages/my_robot_controller-0.0.0-py3.10.egg-info
[0.527s] running install_scripts
[0.539s] Installing test_node script to /home/joemo/ros2_py_ws/src/my_robot_controller/install/my_robot_controller/lib/my_robot_controller
[0.539s] writing list of installed files to '/home/joemo/ros2_py_ws/src/my_robot_controller/build/my_robot_controller/install.log'
[0.554s] Invoked command in '/home/joemo/ros2_py_ws/src/my_robot_controller' returned '0': PYTHONPATH=/home/joemo/ros2_py_ws/src/my_robot_controller/build/my_robot_controller/prefix_override:/home/joemo/ros2_py_ws/src/my_robot_controller/install/my_robot_controller/lib/python3.10/site-packages:${PYTHONPATH} /usr/bin/python3 setup.py egg_info --egg-base build/my_robot_controller build --build-base /home/joemo/ros2_py_ws/src/my_robot_controller/build/my_robot_controller/build install --record /home/joemo/ros2_py_ws/src/my_robot_controller/build/my_robot_controller/install.log --single-version-externally-managed
